#
# A fatal error has been detected by the Java Runtime Environment:
#
#  SIGBUS (0x7) at pc=0x00007f56d10db802, pid=12243, tid=140008271582976
#
# JRE version: Java(TM) SE Runtime Environment (8.0_73-b02) (build 1.8.0_73-b02)
# Java VM: Java HotSpot(TM) 64-Bit Server VM (25.73-b02 mixed mode linux-amd64 compressed oops)
# Problematic frame:
# C  [libzip.so+0x11802]  newEntry+0x62
#
# Failed to write core dump. Core dumps have been disabled. To enable core dumping, try "ulimit -c unlimited" before starting Java again
#
# If you would like to submit a bug report, please visit:
#   http://bugreport.java.com/bugreport/crash.jsp
# The crash happened outside the Java Virtual Machine in native code.
# See problematic frame for where to report the bug.
#

---------------  T H R E A D  ---------------

Current thread (0x00007f56cccc9800):  JavaThread "qtp1744974012-53" [_thread_in_native, id=12374, stack(0x00007f56373b1000,0x00007f56374b2000)]

siginfo: si_signo: 7 (SIGBUS), si_code: 2 (BUS_ADRERR), si_addr: 0x00007f5637058d31

Registers:
RAX=0x00007f56ccd05110, RBX=0x00007f56ccd1d310, RCX=0x00007f567c038af0, RDX=0x00007f56ccd05110
RSP=0x00007f56374afa70, RBP=0x00007f56374afac0, RSI=0x00007f567c038b08, RDI=0x00007f567c03e430
R8 =0x0000000000000000, R9 =0x00007f56374afb40, R10=0x00007f56bd148618, R11=0x00000000f6250458
R12=0x00007f5637058d14, R13=0x00007f56ccd05110, R14=0x00000000bf62f3a4, R15=0x00007f56ccd052b0
RIP=0x00007f56d10db802, EFLAGS=0x0000000000010206, CSGSFS=0x002b000000000033, ERR=0x0000000000000004
  TRAPNO=0x000000000000000e

Top of Stack: (sp=0x00007f56374afa70)
0x00007f56374afa70:   7d812cb0cf8430e9 0000005200000000
0x00007f56374afa80:   00000001000007a8 00007f56d2ddf6ce
0x00007f56374afa90:   00007f56ccd05110 00007f56ccd1d310
0x00007f56374afaa0:   00007f567c03a0b0 00007f56ccd052b0
0x00007f56374afab0:   00000000bf62f3a4 0000000000000030
0x00007f56374afac0:   00007f56374afb20 00007f56d10dbf5f
0x00007f56374afad0:   00007f56cccc9800 01000000e89a3cb0
0x00007f56374afae0:   00007f56374afb40 00007f56374afb71
0x00007f56374afaf0:   00007f56374afb6f 00007f56374afb40
0x00007f56374afb00:   0000000000000030 00007f56cccc99f8
0x00007f56374afb10:   00007f56374aff98 0000000000000001
0x00007f56374afb20:   00007f56374aff80 00007f56d10cdd60
0x00007f56374afb30:   00007f56374afbc0 00007f56ccd052b0
0x00007f56374afb40:   676f6f672f6d6f63 752f7477672f656c
0x00007f56374afb50:   65696c632f726573 72542f69752f746e
0x00007f56374afb60:   6e657473694c6565 7373616c632e7265
0x00007f56374afb70:   00007f56cccc9800 00007f56374afc40
0x00007f56374afb80:   00000000e8b70fe8 00007f56374afc00
0x00007f56374afb90:   00007f56374afc00 00007f56374aff78
0x00007f56374afba0:   00007f56374afc00 00007f56374aff70
0x00007f56374afbb0:   00007f56374afc40 00007f56cccc9800
0x00007f56374afbc0:   00007f56374afd30 00007f56d2b947d5
0x00007f56374afbd0:   64fc060400000002 00007f56cccc9800
0x00007f56374afbe0:   00007f56374afda0 00007f56374aff70
0x00007f56374afbf0:   00007f56bd046c20 010000000000000c
0x00007f56374afc00:   00007f56cccc9800 00007f567c038eb0
0x00007f56374afc10:   00007f56b78043d8 00000000e8b70fe8
0x00007f56374afc20:   00007f56374b01a0 00007f56bd17d14c
0x00007f56374afc30:   0000000000000000 00007f56374aff70
0x00007f56374afc40:   00007f56cccc9800 00007f56cccca3e0
0x00007f56374afc50:   00007f56cccca420 00007f56cccca440
0x00007f56374afc60:   00007f56cccca508 00000000000000d8 

Instructions: (pc=0x00007f56d10db802)
0x00007f56d10db7e2:   00 48 c7 40 28 00 00 00 00 41 80 7f 30 00 0f 84
0x00007f56d10db7f2:   8a 02 00 00 4c 8b 63 08 4d 2b 67 28 4d 03 67 18
0x00007f56d10db802:   41 0f b6 5c 24 1d 41 0f b6 44 24 1c c1 e3 08 09
0x00007f56d10db812:   c3 41 0f b6 44 24 1e 88 45 bd 41 0f b6 54 24 20 

Register to memory mapping:

RAX=0x00007f56ccd05110 is an unknown value
RBX=0x00007f56ccd1d310 is an unknown value
RCX=0x00007f567c038af0 is an unknown value
RDX=0x00007f56ccd05110 is an unknown value
RSP=0x00007f56374afa70 is pointing into the stack for thread: 0x00007f56cccc9800
RBP=0x00007f56374afac0 is pointing into the stack for thread: 0x00007f56cccc9800
RSI=0x00007f567c038b08 is an unknown value
RDI=0x00007f567c03e430 is an unknown value
R8 =0x0000000000000000 is an unknown value
R9 =0x00007f56374afb40 is pointing into the stack for thread: 0x00007f56cccc9800
R10=0x00007f56bd148618 is at entry_point+88 in (nmethod*)0x00007f56bd148450
R11=0x00000000f6250458 is an oop
