#
# A fatal error has been detected by the Java Runtime Environment:
#
#  SIGBUS (0x7) at pc=0x00007ff60ea55802, pid=22928, tid=140692748539648
#
# JRE version: Java(TM) SE Runtime Environment (8.0_73-b02) (build 1.8.0_73-b02)
# Java VM: Java HotSpot(TM) 64-Bit Server VM (25.73-b02 mixed mode linux-amd64 compressed oops)
# Problematic frame:
# C  [libzip.so+0x11802]  newEntry+0x62
#
# Failed to write core dump. Core dumps have been disabled. To enable core dumping, try "ulimit -c unlimited" before starting Java again
#
# If you would like to submit a bug report, please visit:
#   http://bugreport.java.com/bugreport/crash.jsp
# The crash happened outside the Java Virtual Machine in native code.
# See problematic frame for where to report the bug.
#

---------------  T H R E A D  ---------------

Current thread (0x00007ff608a1c000):  JavaThread "qtp1611735757-54" [_thread_in_native, id=22996, stack(0x00007ff5953c9000,0x00007ff5954ca000)]

siginfo: si_signo: 7 (SIGBUS), si_code: 2 (BUS_ADRERR), si_addr: 0x00007ff5951a3940

Registers:
RAX=0x00007ff608a2b5a0, RBX=0x00007ff608a73b00, RCX=0x00007ff5b80da7b0, RDX=0x00007ff608a2b5a0
RSP=0x00007ff5954c78a0, RBP=0x00007ff5954c78f0, RSI=0x00007ff5b80da7c8, RDI=0x00007ff5b80dad80
R8 =0x0000000000000000, R9 =0x00007ff5954c7970, R10=0x00007ff5f9138ed8, R11=0x00000000f5594640
R12=0x00007ff5951a3923, R13=0x00007ff608a2b5a0, R14=0x00000000ee4eed9f, R15=0x00007ff608a70490
RIP=0x00007ff60ea55802, EFLAGS=0x0000000000010202, CSGSFS=0x002b000000000033, ERR=0x0000000000000004
  TRAPNO=0x000000000000000e

Top of Stack: (sp=0x00007ff5954c78a0)
0x00007ff5954c78a0:   00007ff5954c79e0 00007ff600000000
0x00007ff5954c78b0:   00000001000007a8 00007ff6107596ce
0x00007ff5954c78c0:   00007ff608a2b5a0 00007ff608a73b00
0x00007ff5954c78d0:   00007ff608a4cd50 00007ff608a70490
0x00007ff5954c78e0:   00000000ee4eed9f 000000000000003e
0x00007ff5954c78f0:   00007ff5954c7950 00007ff60ea55f5f
0x00007ff5954c7900:   00007ff608a1c000 01007ff5f9000700
0x00007ff5954c7910:   00007ff5954c7970 00007ff5954c79af
0x00007ff5954c7920:   00007ff5954c79ad 00007ff5954c7970
0x00007ff5954c7930:   000000000000003e 00007ff608a1c1f8
0x00007ff5954c7940:   00007ff5954c7dc8 0000000000000001
0x00007ff5954c7950:   00007ff5954c7db0 00007ff60ea47d60
0x00007ff5954c7960:   00007ff5954c79c0 00007ff608a70490
0x00007ff5954c7970:   656269682f67726f 6e652f6574616e72
0x00007ff5954c7980:   6575712f656e6967 6d617261502f7972
0x00007ff5954c7990:   6f63655272657465 456e6f6974696e67
0x00007ff5954c79a0:   6e6f697470656378 00007373616c632e
0x00007ff5954c79b0:   00000000f5592638 00007ff50000000a
0x00007ff5954c79c0:   00007ff608a1c000 00007ff608a1c000
0x00007ff5954c79d0:   00007ff5954c7a90 00007ff5f97d8cec
0x00007ff5954c79e0:   00007ff5954c8040 00007ff6108e8a9d
0x00007ff5954c79f0:   00007ff5954c7df0 00007ff5954c7b90
0x00007ff5954c7a00:   00007ff5954c7a90 00007ff5f90007a7
0x00007ff5954c7a10:   00007ff608a1c690 00007ff5f90007a7
0x00007ff5954c7a20:   00000000e0271aa0 00000000e603a950
0x00007ff5954c7a30:   00007ff500001fa0 00007ff608a1c6a8
0x00007ff5954c7a40:   00007ff608a1c000 00000000f55943c0
0x00007ff5954c7a50:   00000000e603a950 00007ff5954c7ad0
0x00007ff5954c7a60:   00000000f5593c78 00000000e021dcc0
0x00007ff5954c7a70:   00000000f5594348 00000000f5594380
0x00007ff5954c7a80:   00000000f5594360 00007ff608a10100
0x00007ff5954c7a90:   00007ff5954c8498 00007ff5954c7a48 

Instructions: (pc=0x00007ff60ea55802)
0x00007ff60ea557e2:   00 48 c7 40 28 00 00 00 00 41 80 7f 30 00 0f 84
0x00007ff60ea557f2:   8a 02 00 00 4c 8b 63 08 4d 2b 67 28 4d 03 67 18
0x00007ff60ea55802:   41 0f b6 5c 24 1d 41 0f b6 44 24 1c c1 e3 08 09
0x00007ff60ea55812:   c3 41 0f b6 44 24 1e 88 45 bd 41 0f b6 54 24 20 

Register to memory mapping:

RAX=0x00007ff608a2b5a0 is an unknown value
RBX=0x00007ff608a73b00 is an unknown value
RCX=0x00007ff5b80da7b0 is an unknown value
RDX=0x00007ff608a2b5a0 is an unknown value
RSP=0x00007ff5954c78a0 is pointing into the stack for thread: 0x00007ff608a1c000
RBP=0x00007ff5954c78f0 is pointing into the stack for thread: 0x00007ff608a1c000
RSI=0x00007ff5b80da7c8 is an unknown value
RDI=0x00007ff5b80dad80 is an unknown value
R8 =0x0000000000000000 is an unknown value
R9 =0x00007ff5954c7970 is pointing into the stack for thread: 0x00007ff608a1c000
R10=0x00007ff5f9138ed8 is at entry_point+88 in (nmethod*)0x00007ff5f9138d10
R11=0x00000000f5594640 is an oop
